-- Setting submission variables...
-- Running vertical remap code...
 grid 1:
  0.000000000000000E+000  1.000000000000000E-002  4.000000000000001E-002
  9.000000000000000E-002  0.160000000000000       0.250000000000000     
  0.360000000000000       0.490000000000000       0.640000000000000     
  0.810000000000000        1.00000000000000     
 grid 2:
  0.000000000000000E+000  0.100000000000000       0.200000000000000     
  0.300000000000000       0.400000000000000       0.500000000000000     
  0.600000000000000       0.700000000000000       0.800000000000000     
  0.900000000000000        1.00000000000000     
 dp1:
  1.000000000000000E-002  3.000000000000001E-002  4.999999999999999E-002
  7.000000000000003E-002  8.999999999999997E-002  0.110000000000000     
  0.130000000000000       0.150000000000000       0.170000000000000     
  0.190000000000000     
 dp2:
  0.100000000000000       0.100000000000000       0.100000000000000     
  0.100000000000000       0.100000000000000       0.100000000000000     
  0.100000000000000       0.100000000000000       0.100000000000000     
  0.100000000000000     
 QdpOrig:
   1.00501252085940        1.02531512052443        1.06715902438419     
   1.13314845306683        1.22752506496318        1.35662500300622     
   1.52959041966338        1.75944778272182        2.06473109996649     
   2.47193192305747     
 QdpNew:
   3.27158933170307        1.52338048187977        1.29211128708427     
   1.19975306941499        1.17483795523366        1.17296518848121     
   1.18477259450358        1.22423078702923        1.27326667077369     
   1.32357904610994     
 QdpDiff:
  -2.22031823532704      -0.361546239151485      -8.085870396532080E-003
  0.219314479178269       0.393474230256513       0.560287829386186     
  0.730768234510313       0.892769229583443        1.06638018115230     
   1.26213061320590     
